<?xml version="1.0" encoding="UTF-8"?>
<coverage generated="1662911659056" clover="3.2.0">
  <project timestamp="1662911659056" name="All files">
    <metrics statements="28" coveredstatements="28" conditionals="18" coveredconditionals="18" methods="10" coveredmethods="7" elements="56" coveredelements="53" complexity="0" loc="28" ncloc="28" packages="1" files="2" classes="2"/>
    <file name="FigureCalculator.js" path="C:\project\math-api\src\FigureCalculator.js">
      <metrics statements="8" coveredstatements="8" conditionals="6" coveredconditionals="6" methods="5" coveredmethods="2"/>
      <line num="3" count="4" type="stmt"/>
      <line num="7" count="7" type="cond" truecount="2" falsecount="0"/>
      <line num="8" count="3" type="stmt"/>
      <line num="11" count="4" type="stmt"/>
      <line num="13" count="4" type="cond" truecount="4" falsecount="0"/>
      <line num="14" count="3" type="stmt"/>
      <line num="18" count="1" type="stmt"/>
      <line num="25" count="1" type="stmt"/>
    </file>
    <file name="MathBasic.js" path="C:\project\math-api\src\MathBasic.js">
      <metrics statements="20" coveredstatements="20" conditionals="12" coveredconditionals="12" methods="5" coveredmethods="5"/>
      <line num="1" count="2" type="stmt"/>
      <line num="3" count="28" type="cond" truecount="2" falsecount="0"/>
      <line num="4" count="9" type="stmt"/>
      <line num="7" count="19" type="stmt"/>
      <line num="9" count="19" type="cond" truecount="4" falsecount="0"/>
      <line num="10" count="9" type="stmt"/>
      <line num="12" count="10" type="stmt"/>
      <line num="15" count="11" type="cond" truecount="2" falsecount="0"/>
      <line num="16" count="4" type="stmt"/>
      <line num="19" count="7" type="stmt"/>
      <line num="21" count="7" type="cond" truecount="4" falsecount="0"/>
      <line num="22" count="3" type="stmt"/>
      <line num="25" count="4" type="stmt"/>
      <line num="28" count="9" type="stmt"/>
      <line num="29" count="3" type="stmt"/>
      <line num="32" count="10" type="stmt"/>
      <line num="33" count="4" type="stmt"/>
      <line num="36" count="9" type="stmt"/>
      <line num="37" count="3" type="stmt"/>
      <line num="41" count="2" type="stmt"/>
    </file>
  </project>
</coverage>
