TN:
SF:src\FigureCalculator.js
FN:2,(anonymous_0)
FN:6,(anonymous_1)
FN:20,(anonymous_2)
FN:21,(anonymous_3)
FN:22,(anonymous_4)
FNF:5
FNH:2
FNDA:4,(anonymous_0)
FNDA:7,(anonymous_1)
FNDA:0,(anonymous_2)
FNDA:0,(anonymous_3)
FNDA:0,(anonymous_4)
DA:3,4
DA:7,7
DA:8,3
DA:11,4
DA:13,4
DA:14,3
DA:18,1
DA:25,1
LF:8
LH:8
BRDA:7,0,0,3
BRDA:7,0,1,4
BRDA:13,1,0,3
BRDA:13,1,1,1
BRDA:13,2,0,4
BRDA:13,2,1,1
BRF:6
BRH:6
end_of_record
TN:
SF:src\MathBasic.js
FN:2,(anonymous_0)
FN:14,(anonymous_1)
FN:27,(anonymous_2)
FN:31,(anonymous_3)
FN:35,(anonymous_4)
FNF:5
FNH:5
FNDA:28,(anonymous_0)
FNDA:11,(anonymous_1)
FNDA:9,(anonymous_2)
FNDA:10,(anonymous_3)
FNDA:9,(anonymous_4)
DA:1,2
DA:3,28
DA:4,9
DA:7,19
DA:9,19
DA:10,9
DA:12,10
DA:15,11
DA:16,4
DA:19,7
DA:21,7
DA:22,3
DA:25,4
DA:28,9
DA:29,3
DA:32,10
DA:33,4
DA:36,9
DA:37,3
DA:41,2
LF:20
LH:20
BRDA:3,0,0,9
BRDA:3,0,1,19
BRDA:9,1,0,9
BRDA:9,1,1,10
BRDA:9,2,0,19
BRDA:9,2,1,10
BRDA:15,3,0,4
BRDA:15,3,1,7
BRDA:21,4,0,3
BRDA:21,4,1,4
BRDA:21,5,0,7
BRDA:21,5,1,4
BRF:12
BRH:12
end_of_record
